<?xml version="1.0" encoding="UTF-8"?>
<!-- Generated by org.testng.reporters.JUnitXMLReporter -->
<testsuite ignored="0" hostname="LENOVO-LAPTOP" failures="0" tests="3" name="chorme" time="10.999" errors="0" timestamp="2024-11-16T20:38:00 EET">
  <testcase classname="login.LoginTests" name="testSuccessfulLogin" time="4.076"/>
  <testcase classname="login.LoginTests" name="testInvalidUserName" time="1.548"/>
  <testcase classname="login.LoginTests" name="testInvalidPassword" time="1.546"/>
</testsuite> <!-- chorme -->
