<?xml version="1.0" encoding="UTF-8"?>
<!-- Generated by org.testng.reporters.JUnitXMLReporter -->
<testsuite ignored="0" hostname="LENOVO-LAPTOP" failures="0" tests="3" name="firefox" time="16.392" errors="0" timestamp="2024-11-16T20:38:06 EET">
  <testcase classname="login.LoginTests" name="testSuccessfulLogin" time="2.992"/>
  <testcase classname="login.LoginTests" name="testInvalidUserName" time="1.995"/>
  <testcase classname="login.LoginTests" name="testInvalidPassword" time="1.929"/>
</testsuite> <!-- firefox -->
